#
# There is insufficient memory for the Java Runtime Environment to continue.
# Native memory allocation (mmap) failed to map 268435456 bytes for G1 virtual space
# Possible reasons:
#   The system is out of physical RAM or swap space
#   The process is running with CompressedOops enabled, and the Java Heap may be blocking the growth of the native heap
# Possible solutions:
#   Reduce memory load on the system
#   Increase physical memory or swap space
#   Check if swap backing store is full
#   Decrease Java heap size (-Xmx/-Xms)
#   Decrease number of Java threads
#   Decrease Java thread stack sizes (-Xss)
#   Set larger code cache with -XX:ReservedCodeCacheSize=
#   JVM is running with Zero Based Compressed Oops mode in which the Java heap is
#     placed in the first 32GB address space. The Java Heap base address is the
#     maximum limit for the native heap growth. Please use -XX:HeapBaseMinAddress
#     to set the Java Heap base and to place the Java Heap above 32GB virtual address.
# This output file may be truncated or incomplete.
#
#  Out of Memory Error (os_windows.cpp:3466), pid=13556, tid=13824
#
# JRE version:  (16.0.1+9) (build )
# Java VM: OpenJDK 64-Bit Server VM (16.0.1+9-24, mixed mode, sharing, tiered, compressed oops, compressed class ptrs, g1 gc, windows-amd64)
# No core dump will be written. Minidumps are not enabled by default on client versions of Windows
#

---------------  S U M M A R Y ------------

Command Line: -Dfile.encoding=MS949 -XX:+ShowCodeDetailsInExceptionMessages com.kh.team.abstractNInterface.view.Mainmenu

Host: Intel(R) Xeon(R) CPU E3-1231 v3 @ 3.40GHz, 8 cores, 15G,  Windows 8.1 , 64 bit Build 9600 (6.3.9600.20062)
Time: Tue Nov  9 17:15:38 2021 渠и團措 ル遽衛 elapsed time: 0.133929 seconds (0d 0h 0m 0s)

---------------  T H R E A D  ---------------

Current thread (0x0000000dd31b2a30):  JavaThread "Unknown thread" [_thread_in_vm, id=13824, stack(0x0000000dd10b0000,0x0000000dd11b0000)]

Stack: [0x0000000dd10b0000,0x0000000dd11b0000]
Native frames: (J=compiled Java code, j=interpreted, Vv=VM code, C=native code)
V  [jvm.dll+0x6687ca]
V  [jvm.dll+0x7ca3c9]
V  [jvm.dll+0x7cbb53]
V  [jvm.dll+0x7cc1b3]
V  [jvm.dll+0x242ea5]
V  [jvm.dll+0x665589]
V  [jvm.dll+0x65a175]
V  [jvm.dll+0x2fc5ab]
V  [jvm.dll+0x3037a6]
V  [jvm.dll+0x352fee]
V  [jvm.dll+0x35321f]
V  [jvm.dll+0x2d3618]
V  [jvm.dll+0x2d4854]
V  [jvm.dll+0x79ccb1]
V  [jvm.dll+0x360de1]
V  [jvm.dll+0x77a990]
V  [jvm.dll+0x3e55af]
V  [jvm.dll+0x3e7081]
C  [jli.dll+0x52fb]
C  [ucrtbase.DLL+0x1d912]
C  [KERNEL32.DLL+0x1412]
C  [ntdll.dll+0x154f4]


---------------  P R O C E S S  ---------------

Threads class SMR info:
_java_thread_list=0x00007ffc46f3cbb8, length=0, elements={
}

Java Threads: ( => current thread )

Other Threads:
  0x0000000dd3203550 GCTaskThread "GC Thread#0" [stack: 0x0000000def180000,0x0000000def280000] [id=6540]
  0x0000000dd3215110 ConcurrentGCThread "G1 Main Marker" [stack: 0x0000000def280000,0x0000000def380000] [id=12076]
  0x0000000dd3215c00 ConcurrentGCThread "G1 Conc#0" [stack: 0x0000000def380000,0x0000000def480000] [id=10560]

[error occurred during error reporting (printing all threads), id 0xc0000005, EXCEPTION_ACCESS_VIOLATION (0xc0000005) at pc=0x00007ffc467144d7]

VM state: not at safepoint (not fully initialized)

VM Mutex/Monitor currently owned by a thread:  ([mutex/lock_event])
[0x0000000dd31afe70] Heap_lock - owner thread: 0x0000000dd31b2a30

Heap address: 0x0000000701400000, size: 4076 MB, Compressed Oops mode: Zero based, Oop shift amount: 3

CDS archive(s) mapped at: [0x0000000000000000-0x0000000000000000-0x0000000000000000), size 0, SharedBaseAddress: 0x0000000800000000, ArchiveRelocationMode: 0.
Narrow klass base: 0x0000000000000000, Narrow klass shift: 0, Narrow klass range: 0x0

GC Precious Log:
<Empty>

Heap:
 garbage-first heap   total 0K, used 0K [0x0000000701400000, 0x0000000800000000)
  region size 2048K, 0 young (0K), 0 survivors (0K)

[error occurred during error reporting (printing heap information), id 0xc0000005, EXCEPTION_ACCESS_VIOLATION (0xc0000005) at pc=0x00007ffc46af24ed]

GC Heap History (0 events):
No events

Deoptimization events (0 events):
No events

Classes unloaded (0 events):
No events

Classes redefined (0 events):
No events

Internal exceptions (0 events):
No events

Events (1 events):
Event: 0.090 Loaded shared library C:\Users\團薑\Downloads\eclipse-jee-2021-06-R-win32-x86_64\eclipse\plugins\org.eclipse.justj.openjdk.hotspot.jre.full.win32.x86_64_16.0.1.v20210528-1205\jre\bin\java.dll


Dynamic libraries:
0x00007ff7934d0000 - 0x00007ff7934de000 	C:\Users\團薑\Downloads\eclipse-jee-2021-06-R-win32-x86_64\eclipse\plugins\org.eclipse.justj.openjdk.hotspot.jre.full.win32.x86_64_16.0.1.v20210528-1205\jre\bin\javaw.exe
0x00007ffc7eb90000 - 0x00007ffc7ed3d000 	C:\Windows\SYSTEM32\ntdll.dll
0x00007ffc7d250000 - 0x00007ffc7d38f000 	C:\Windows\system32\KERNEL32.DLL
0x00007ffc7c0f0000 - 0x00007ffc7c205000 	C:\Windows\system32\KERNELBASE.dll
0x00007ffc6d9e0000 - 0x00007ffc6d9f8000 	C:\Users\團薑\Downloads\eclipse-jee-2021-06-R-win32-x86_64\eclipse\plugins\org.eclipse.justj.openjdk.hotspot.jre.full.win32.x86_64_16.0.1.v20210528-1205\jre\bin\jli.dll
0x00007ffc6d9c0000 - 0x00007ffc6d9d9000 	C:\Users\團薑\Downloads\eclipse-jee-2021-06-R-win32-x86_64\eclipse\plugins\org.eclipse.justj.openjdk.hotspot.jre.full.win32.x86_64_16.0.1.v20210528-1205\jre\bin\VCRUNTIME140.dll
0x00007ffc6e110000 - 0x00007ffc6e114000 	C:\Users\團薑\Downloads\eclipse-jee-2021-06-R-win32-x86_64\eclipse\plugins\org.eclipse.justj.openjdk.hotspot.jre.full.win32.x86_64_16.0.1.v20210528-1205\jre\bin\api-ms-win-crt-stdio-l1-1-0.dll
0x00007ffc6dc00000 - 0x00007ffc6dc04000 	C:\Users\團薑\Downloads\eclipse-jee-2021-06-R-win32-x86_64\eclipse\plugins\org.eclipse.justj.openjdk.hotspot.jre.full.win32.x86_64_16.0.1.v20210528-1205\jre\bin\api-ms-win-crt-runtime-l1-1-0.dll
0x00007ffc6d9b0000 - 0x00007ffc6d9b3000 	C:\Users\團薑\Downloads\eclipse-jee-2021-06-R-win32-x86_64\eclipse\plugins\org.eclipse.justj.openjdk.hotspot.jre.full.win32.x86_64_16.0.1.v20210528-1205\jre\bin\api-ms-win-crt-environment-l1-1-0.dll
0x00007ffc6d9a0000 - 0x00007ffc6d9a5000 	C:\Users\團薑\Downloads\eclipse-jee-2021-06-R-win32-x86_64\eclipse\plugins\org.eclipse.justj.openjdk.hotspot.jre.full.win32.x86_64_16.0.1.v20210528-1205\jre\bin\api-ms-win-crt-math-l1-1-0.dll
0x00007ffc6d8d0000 - 0x00007ffc6d8d3000 	C:\Users\團薑\Downloads\eclipse-jee-2021-06-R-win32-x86_64\eclipse\plugins\org.eclipse.justj.openjdk.hotspot.jre.full.win32.x86_64_16.0.1.v20210528-1205\jre\bin\api-ms-win-crt-locale-l1-1-0.dll
0x00007ffc6d8c0000 - 0x00007ffc6d8c3000 	C:\Users\團薑\Downloads\eclipse-jee-2021-06-R-win32-x86_64\eclipse\plugins\org.eclipse.justj.openjdk.hotspot.jre.full.win32.x86_64_16.0.1.v20210528-1205\jre\bin\api-ms-win-crt-heap-l1-1-0.dll
0x00007ffc79940000 - 0x00007ffc79bbb000 	C:\Windows\WinSxS\amd64_microsoft.windows.common-controls_6595b64144ccf1df_6.0.9600.19394_none_62486577ecb635cf\COMCTL32.dll
0x00007ffc7d0a0000 - 0x00007ffc7d217000 	C:\Windows\system32\USER32.dll
0x00007ffc6d8b0000 - 0x00007ffc6d8b3000 	C:\Users\團薑\Downloads\eclipse-jee-2021-06-R-win32-x86_64\eclipse\plugins\org.eclipse.justj.openjdk.hotspot.jre.full.win32.x86_64_16.0.1.v20210528-1205\jre\bin\api-ms-win-crt-filesystem-l1-1-0.dll
0x00007ffc6d8a0000 - 0x00007ffc6d8a4000 	C:\Users\團薑\Downloads\eclipse-jee-2021-06-R-win32-x86_64\eclipse\plugins\org.eclipse.justj.openjdk.hotspot.jre.full.win32.x86_64_16.0.1.v20210528-1205\jre\bin\api-ms-win-crt-string-l1-1-0.dll
0x00007ffc68a20000 - 0x00007ffc68a24000 	C:\Users\團薑\Downloads\eclipse-jee-2021-06-R-win32-x86_64\eclipse\plugins\org.eclipse.justj.openjdk.hotspot.jre.full.win32.x86_64_16.0.1.v20210528-1205\jre\bin\api-ms-win-crt-convert-l1-1-0.dll
0x00007ffc7cff0000 - 0x00007ffc7d09a000 	C:\Windows\system32\msvcrt.dll
0x00007ffc7c590000 - 0x00007ffc7c6de000 	C:\Windows\system32\GDI32.dll
0x00007ffc58b60000 - 0x00007ffc58c5a000 	C:\Users\團薑\Downloads\eclipse-jee-2021-06-R-win32-x86_64\eclipse\plugins\org.eclipse.justj.openjdk.hotspot.jre.full.win32.x86_64_16.0.1.v20210528-1205\jre\bin\ucrtbase.DLL
0x00007ffc7eb50000 - 0x00007ffc7eb86000 	C:\Windows\system32\IMM32.DLL
0x00007ffc7ccd0000 - 0x00007ffc7ce21000 	C:\Windows\system32\MSCTF.dll
0x00007ffc67de0000 - 0x00007ffc67dec000 	C:\Users\團薑\Downloads\eclipse-jee-2021-06-R-win32-x86_64\eclipse\plugins\org.eclipse.justj.openjdk.hotspot.jre.full.win32.x86_64_16.0.1.v20210528-1205\jre\bin\vcruntime140_1.dll
0x00007ffc65da0000 - 0x00007ffc65e31000 	C:\Users\團薑\Downloads\eclipse-jee-2021-06-R-win32-x86_64\eclipse\plugins\org.eclipse.justj.openjdk.hotspot.jre.full.win32.x86_64_16.0.1.v20210528-1205\jre\bin\msvcp140.dll
0x00007ffc67d00000 - 0x00007ffc67d03000 	C:\Users\團薑\Downloads\eclipse-jee-2021-06-R-win32-x86_64\eclipse\plugins\org.eclipse.justj.openjdk.hotspot.jre.full.win32.x86_64_16.0.1.v20210528-1205\jre\bin\api-ms-win-crt-time-l1-1-0.dll
0x00007ffc67c40000 - 0x00007ffc67c43000 	C:\Users\團薑\Downloads\eclipse-jee-2021-06-R-win32-x86_64\eclipse\plugins\org.eclipse.justj.openjdk.hotspot.jre.full.win32.x86_64_16.0.1.v20210528-1205\jre\bin\api-ms-win-crt-utility-l1-1-0.dll
0x00007ffc46430000 - 0x00007ffc46fdb000 	C:\Users\團薑\Downloads\eclipse-jee-2021-06-R-win32-x86_64\eclipse\plugins\org.eclipse.justj.openjdk.hotspot.jre.full.win32.x86_64_16.0.1.v20210528-1205\jre\bin\server\jvm.dll
0x00007ffc7d3f0000 - 0x00007ffc7d49a000 	C:\Windows\system32\ADVAPI32.dll
0x00007ffc6ecd0000 - 0x00007ffc6ecd9000 	C:\Windows\SYSTEM32\WSOCK32.dll
0x00007ffc75050000 - 0x00007ffc75072000 	C:\Windows\SYSTEM32\WINMM.dll
0x00007ffc75040000 - 0x00007ffc7504a000 	C:\Windows\SYSTEM32\VERSION.dll
0x00007ffc7d220000 - 0x00007ffc7d227000 	C:\Windows\system32\PSAPI.DLL
0x00007ffc7eaf0000 - 0x00007ffc7eb48000 	C:\Windows\SYSTEM32\sechost.dll
0x00007ffc7cb90000 - 0x00007ffc7ccca000 	C:\Windows\system32\RPCRT4.dll
0x00007ffc7d390000 - 0x00007ffc7d3ea000 	C:\Windows\system32\WS2_32.dll
0x00007ffc75010000 - 0x00007ffc7503a000 	C:\Windows\SYSTEM32\WINMMBASE.dll
0x00007ffc7c010000 - 0x00007ffc7c03e000 	C:\Windows\system32\SspiCli.dll
0x00007ffc7c430000 - 0x00007ffc7c439000 	C:\Windows\system32\NSI.dll
0x00007ffc7bf60000 - 0x00007ffc7bfaf000 	C:\Windows\SYSTEM32\cfgmgr32.dll
0x00007ffc7aad0000 - 0x00007ffc7aaf8000 	C:\Windows\SYSTEM32\DEVOBJ.dll
0x00007ffc68740000 - 0x00007ffc6874a000 	C:\Users\團薑\Downloads\eclipse-jee-2021-06-R-win32-x86_64\eclipse\plugins\org.eclipse.justj.openjdk.hotspot.jre.full.win32.x86_64_16.0.1.v20210528-1205\jre\bin\jimage.dll
0x00007ffc6e610000 - 0x00007ffc6e799000 	C:\Windows\SYSTEM32\DBGHELP.DLL
0x00007ffc67d80000 - 0x00007ffc67da5000 	C:\Users\團薑\Downloads\eclipse-jee-2021-06-R-win32-x86_64\eclipse\plugins\org.eclipse.justj.openjdk.hotspot.jre.full.win32.x86_64_16.0.1.v20210528-1205\jre\bin\java.dll

dbghelp: loaded successfully - version: 4.0.5 - missing functions: none
symbol engine: initialized successfully - sym options: 0x614 - pdb path: .;C:\Users\團薑\Downloads\eclipse-jee-2021-06-R-win32-x86_64\eclipse\plugins\org.eclipse.justj.openjdk.hotspot.jre.full.win32.x86_64_16.0.1.v20210528-1205\jre\bin;C:\Windows\SYSTEM32;C:\Windows\WinSxS\amd64_microsoft.windows.common-controls_6595b64144ccf1df_6.0.9600.19394_none_62486577ecb635cf;C:\Users\團薑\Downloads\eclipse-jee-2021-06-R-win32-x86_64\eclipse\plugins\org.eclipse.justj.openjdk.hotspot.jre.full.win32.x86_64_16.0.1.v20210528-1205\jre\bin\se;C:\Users\團薑\Downloads\eclipse-jee-2021-06-R-win32-x86_64\eclipse\plugins\org.eclipse.justj.openjdk.hotspot.jre.full.win32.x86_64_16.0.1.v20210528-1205\jre\bin\

VM Arguments:
jvm_args: -Dfile.encoding=MS949 -XX:+ShowCodeDetailsInExceptionMessages 
java_command: com.kh.team.abstractNInterface.view.Mainmenu
java_class_path (initial): C:\workspace\3.JAVA\00_Homework\Team_Casino\bin
Launcher Type: SUN_STANDARD

[Global flags]
     intx CICompilerCount                          = 4                                         {product} {ergonomic}
     uint ConcGCThreads                            = 2                                         {product} {ergonomic}
     uint G1ConcRefinementThreads                  = 8                                         {product} {ergonomic}
   size_t G1HeapRegionSize                         = 2097152                                   {product} {ergonomic}
    uintx GCDrainStackTargetSize                   = 64                                        {product} {ergonomic}
   size_t InitialHeapSize                          = 268435456                                 {product} {ergonomic}
   size_t MarkStackSize                            = 4194304                                   {product} {ergonomic}
   size_t MaxHeapSize                              = 4273995776                                {product} {ergonomic}
   size_t MinHeapDeltaBytes                        = 2097152                                   {product} {ergonomic}
   size_t MinHeapSize                              = 8388608                                   {product} {ergonomic}
    uintx NonNMethodCodeHeapSize                   = 5839372                                {pd product} {ergonomic}
    uintx NonProfiledCodeHeapSize                  = 122909434                              {pd product} {ergonomic}
    uintx ProfiledCodeHeapSize                     = 122909434                              {pd product} {ergonomic}
    uintx ReservedCodeCacheSize                    = 251658240                              {pd product} {ergonomic}
     bool SegmentedCodeCache                       = true                                      {product} {ergonomic}
     bool ShowCodeDetailsInExceptionMessages       = true                                   {manageable} {command line}
   size_t SoftMaxHeapSize                          = 4273995776                             {manageable} {ergonomic}
     bool UseCompressedClassPointers               = true                           {product lp64_product} {ergonomic}
     bool UseCompressedOops                        = true                           {product lp64_product} {ergonomic}
     bool UseG1GC                                  = true                                      {product} {ergonomic}
     bool UseLargePagesIndividualAllocation        = false                                  {pd product} {ergonomic}

Logging:
Log output configuration:
 #0: stdout all=warning uptime,level,tags
 #1: stderr all=off uptime,level,tags

Environment Variables:
JAVA_HOME=C:\Program Files\Amazon Corretto\jdk1.8.0_302
PATH=C:/Users/團薑/Downloads/eclipse-jee-2021-06-R-win32-x86_64/eclipse//plugins/org.eclipse.justj.openjdk.hotspot.jre.full.win32.x86_64_16.0.1.v20210528-1205/jre/bin/server;C:/Users/團薑/Downloads/eclipse-jee-2021-06-R-win32-x86_64/eclipse//plugins/org.eclipse.justj.openjdk.hotspot.jre.full.win32.x86_64_16.0.1.v20210528-1205/jre/bin;C:\oraclexe\app\oracle\product\11.2.0\server\bin;;C:\Program Files\Amazon Corretto\jdk1.8.0_302\bin;C:\Program Files (x86)\Common Files\Oracle\Java\javapath;C:\Windows\system32;C:\Windows;C:\Program Files (x86)\NVIDIA Corporation\PhysX\Common;C:\Program Files\NVIDIA Corporation\NVIDIA NvDLISR\;C:\Program Files\Amazon Corretto\jdk1.8.0_302\bin;C:\Windows\System32\Wbem;C:\Program Files\Microsoft VS Code\bin;C:\Users\團薑\AppData\Local\Programs\Python\Launcher\;c:\Program Files\FDS\FDS5\bin;C:\Users\團薑\AppData\Local\Programs\Microsoft VS Code\bin;C:\MinGW\bin;C:\mingw64\bin;C:\Users\團薑\AppData\Local\GitHubDesktop\bin;C:\Users\團薑\Downloads\eclipse-jee-2021-06-R-win32-x86_64\eclipse;
USERNAME=minmin
OS=Windows_NT
PROCESSOR_IDENTIFIER=Intel64 Family 6 Model 60 Stepping 3, GenuineIntel



---------------  S Y S T E M  ---------------

OS:
 Windows 8.1 , 64 bit Build 9600 (6.3.9600.20062)
OS uptime: 0 days 8:26 hours

CPU: total 8 (initial active 8) (4 cores per cpu, 2 threads per core) family 6 model 60 stepping 3 microcode 0x1c, cx8, cmov, fxsr, ht, mmx, sse, sse2, sse3, ssse3, sse4.1, sse4.2, popcnt, lzcnt, tsc, tscinvbit, avx, avx2, aes, erms, clmul, bmi1, bmi2, fma, vzeroupper, clflush

Memory: 4k page, system-wide physical 16303M (9354M free)
TotalPageFile size 20399M (AvailPageFile size 138M)
current process WorkingSet (physical memory assigned to process): 9M, peak: 9M
current process commit charge ("private bytes"): 60M, peak: 316M

vm_info: OpenJDK 64-Bit Server VM (16.0.1+9-24) for windows-amd64 JRE (16.0.1+9-24), built on Mar 26 2021 19:30:07 by "mach5one" with MS VC++ 16.7 (VS2019)

END.
