#
# There is insufficient memory for the Java Runtime Environment to continue.
# Native memory allocation (mmap) failed to map 268435456 bytes for G1 virtual space
# Possible reasons:
#   The system is out of physical RAM or swap space
#   The process is running with CompressedOops enabled, and the Java Heap may be blocking the growth of the native heap
# Possible solutions:
#   Reduce memory load on the system
#   Increase physical memory or swap space
#   Check if swap backing store is full
#   Decrease Java heap size (-Xmx/-Xms)
#   Decrease number of Java threads
#   Decrease Java thread stack sizes (-Xss)
#   Set larger code cache with -XX:ReservedCodeCacheSize=
#   JVM is running with Zero Based Compressed Oops mode in which the Java heap is
#     placed in the first 32GB address space. The Java Heap base address is the
#     maximum limit for the native heap growth. Please use -XX:HeapBaseMinAddress
#     to set the Java Heap base and to place the Java Heap above 32GB virtual address.
# This output file may be truncated or incomplete.
#
#  Out of Memory Error (os_windows.cpp:3466), pid=13208, tid=13972
#
# JRE version:  (16.0.1+9) (build )
# Java VM: OpenJDK 64-Bit Server VM (16.0.1+9-24, mixed mode, sharing, tiered, compressed oops, compressed class ptrs, g1 gc, windows-amd64)
# No core dump will be written. Minidumps are not enabled by default on client versions of Windows
#

---------------  S U M M A R Y ------------

Command Line: -Dfile.encoding=UTF-8 -XX:+ShowCodeDetailsInExceptionMessages com.kh.run.Run

Host: Intel(R) Xeon(R) CPU E3-1231 v3 @ 3.40GHz, 8 cores, 15G,  Windows 8.1 , 64 bit Build 9600 (6.3.9600.20172)
Time: Wed Nov 24 16:08:54 2021 渠и團措 ル遽衛 elapsed time: 0.094236 seconds (0d 0h 0m 0s)

---------------  T H R E A D  ---------------

Current thread (0x000000eb116127f0):  JavaThread "Unknown thread" [_thread_in_vm, id=13972, stack(0x000000eb10cc0000,0x000000eb10dc0000)]

Stack: [0x000000eb10cc0000,0x000000eb10dc0000]
Native frames: (J=compiled Java code, j=interpreted, Vv=VM code, C=native code)
V  [jvm.dll+0x6687ca]
V  [jvm.dll+0x7ca3c9]
V  [jvm.dll+0x7cbb53]
V  [jvm.dll+0x7cc1b3]
V  [jvm.dll+0x242ea5]
V  [jvm.dll+0x665589]
V  [jvm.dll+0x65a175]
V  [jvm.dll+0x2fc5ab]
V  [jvm.dll+0x3037a6]
V  [jvm.dll+0x352fee]
V  [jvm.dll+0x35321f]
V  [jvm.dll+0x2d3618]
V  [jvm.dll+0x2d4854]
V  [jvm.dll+0x79ccb1]
V  [jvm.dll+0x360de1]
V  [jvm.dll+0x77a990]
V  [jvm.dll+0x3e55af]
V  [jvm.dll+0x3e7081]
C  [jli.dll+0x52fb]
C  [ucrtbase.DLL+0x1d912]
C  [KERNEL32.DLL+0x13d2]
C  [ntdll.dll+0x154f4]


---------------  P R O C E S S  ---------------

Threads class SMR info:
_java_thread_list=0x00007ffa8aa7cbb8, length=0, elements={
}

Java Threads: ( => current thread )

Other Threads:
  0x000000eb11663310 GCTaskThread "GC Thread#0" [stack: 0x000000eb2d5e0000,0x000000eb2d6e0000] [id=15088]
  0x000000eb11674ed0 ConcurrentGCThread "G1 Main Marker" [stack: 0x000000eb2d6e0000,0x000000eb2d7e0000] [id=13968]
  0x000000eb11676d70 ConcurrentGCThread "G1 Conc#0" [stack: 0x000000eb2d7e0000,0x000000eb2d8e0000] [id=8588]

[error occurred during error reporting (printing all threads), id 0xc0000005, EXCEPTION_ACCESS_VIOLATION (0xc0000005) at pc=0x00007ffa8a2544d7]

VM state: not at safepoint (not fully initialized)

VM Mutex/Monitor currently owned by a thread:  ([mutex/lock_event])
[0x000000eb1160dfe0] Heap_lock - owner thread: 0x000000eb116127f0

Heap address: 0x0000000701400000, size: 4076 MB, Compressed Oops mode: Zero based, Oop shift amount: 3

CDS archive(s) mapped at: [0x0000000000000000-0x0000000000000000-0x0000000000000000), size 0, SharedBaseAddress: 0x0000000800000000, ArchiveRelocationMode: 0.
Narrow klass base: 0x0000000000000000, Narrow klass shift: 0, Narrow klass range: 0x0

GC Precious Log:
<Empty>

Heap:
 garbage-first heap   total 0K, used 0K [0x0000000701400000, 0x0000000800000000)
  region size 2048K, 0 young (0K), 0 survivors (0K)

[error occurred during error reporting (printing heap information), id 0xc0000005, EXCEPTION_ACCESS_VIOLATION (0xc0000005) at pc=0x00007ffa8a6324ed]

GC Heap History (0 events):
No events

Deoptimization events (0 events):
No events

Classes unloaded (0 events):
No events

Classes redefined (0 events):
No events

Internal exceptions (0 events):
No events

Events (1 events):
Event: 0.057 Loaded shared library C:\Users\團薑\Downloads\eclipse-jee-2021-06-R-win32-x86_64\eclipse\plugins\org.eclipse.justj.openjdk.hotspot.jre.full.win32.x86_64_16.0.1.v20210528-1205\jre\bin\java.dll


Dynamic libraries:
0x00007ff646fb0000 - 0x00007ff646fbe000 	C:\Users\團薑\Downloads\eclipse-jee-2021-06-R-win32-x86_64\eclipse\plugins\org.eclipse.justj.openjdk.hotspot.jre.full.win32.x86_64_16.0.1.v20210528-1205\jre\bin\javaw.exe
0x00007ffaba840000 - 0x00007ffaba9ed000 	C:\Windows\SYSTEM32\ntdll.dll
0x00007ffab85d0000 - 0x00007ffab870f000 	C:\Windows\system32\KERNEL32.DLL
0x00007ffab7d50000 - 0x00007ffab7e65000 	C:\Windows\system32\KERNELBASE.dll
0x00007ffa9db70000 - 0x00007ffa9db88000 	C:\Users\團薑\Downloads\eclipse-jee-2021-06-R-win32-x86_64\eclipse\plugins\org.eclipse.justj.openjdk.hotspot.jre.full.win32.x86_64_16.0.1.v20210528-1205\jre\bin\jli.dll
0x00007ffa9db50000 - 0x00007ffa9db69000 	C:\Users\團薑\Downloads\eclipse-jee-2021-06-R-win32-x86_64\eclipse\plugins\org.eclipse.justj.openjdk.hotspot.jre.full.win32.x86_64_16.0.1.v20210528-1205\jre\bin\VCRUNTIME140.dll
0x00007ffa9ddc0000 - 0x00007ffa9ddc4000 	C:\Users\團薑\Downloads\eclipse-jee-2021-06-R-win32-x86_64\eclipse\plugins\org.eclipse.justj.openjdk.hotspot.jre.full.win32.x86_64_16.0.1.v20210528-1205\jre\bin\api-ms-win-crt-stdio-l1-1-0.dll
0x00007ffa9dc10000 - 0x00007ffa9dc14000 	C:\Users\團薑\Downloads\eclipse-jee-2021-06-R-win32-x86_64\eclipse\plugins\org.eclipse.justj.openjdk.hotspot.jre.full.win32.x86_64_16.0.1.v20210528-1205\jre\bin\api-ms-win-crt-runtime-l1-1-0.dll
0x00007ffa9db40000 - 0x00007ffa9db43000 	C:\Users\團薑\Downloads\eclipse-jee-2021-06-R-win32-x86_64\eclipse\plugins\org.eclipse.justj.openjdk.hotspot.jre.full.win32.x86_64_16.0.1.v20210528-1205\jre\bin\api-ms-win-crt-environment-l1-1-0.dll
0x00007ffa9db30000 - 0x00007ffa9db35000 	C:\Users\團薑\Downloads\eclipse-jee-2021-06-R-win32-x86_64\eclipse\plugins\org.eclipse.justj.openjdk.hotspot.jre.full.win32.x86_64_16.0.1.v20210528-1205\jre\bin\api-ms-win-crt-math-l1-1-0.dll
0x00007ffa9db20000 - 0x00007ffa9db23000 	C:\Users\團薑\Downloads\eclipse-jee-2021-06-R-win32-x86_64\eclipse\plugins\org.eclipse.justj.openjdk.hotspot.jre.full.win32.x86_64_16.0.1.v20210528-1205\jre\bin\api-ms-win-crt-locale-l1-1-0.dll
0x00007ffa9db10000 - 0x00007ffa9db13000 	C:\Users\團薑\Downloads\eclipse-jee-2021-06-R-win32-x86_64\eclipse\plugins\org.eclipse.justj.openjdk.hotspot.jre.full.win32.x86_64_16.0.1.v20210528-1205\jre\bin\api-ms-win-crt-heap-l1-1-0.dll
0x00007ffab5560000 - 0x00007ffab57db000 	C:\Windows\WinSxS\amd64_microsoft.windows.common-controls_6595b64144ccf1df_6.0.9600.19394_none_62486577ecb635cf\COMCTL32.dll
0x00007ffab81b0000 - 0x00007ffab8327000 	C:\Windows\system32\USER32.dll
0x00007ffa9db00000 - 0x00007ffa9db03000 	C:\Users\團薑\Downloads\eclipse-jee-2021-06-R-win32-x86_64\eclipse\plugins\org.eclipse.justj.openjdk.hotspot.jre.full.win32.x86_64_16.0.1.v20210528-1205\jre\bin\api-ms-win-crt-filesystem-l1-1-0.dll
0x00007ffa9daf0000 - 0x00007ffa9daf4000 	C:\Users\團薑\Downloads\eclipse-jee-2021-06-R-win32-x86_64\eclipse\plugins\org.eclipse.justj.openjdk.hotspot.jre.full.win32.x86_64_16.0.1.v20210528-1205\jre\bin\api-ms-win-crt-string-l1-1-0.dll
0x00007ffa9dae0000 - 0x00007ffa9dae4000 	C:\Users\團薑\Downloads\eclipse-jee-2021-06-R-win32-x86_64\eclipse\plugins\org.eclipse.justj.openjdk.hotspot.jre.full.win32.x86_64_16.0.1.v20210528-1205\jre\bin\api-ms-win-crt-convert-l1-1-0.dll
0x00007ffab9240000 - 0x00007ffab92ea000 	C:\Windows\system32\msvcrt.dll
0x00007ffab8060000 - 0x00007ffab81ae000 	C:\Windows\system32\GDI32.dll
0x00007ffa9d9e0000 - 0x00007ffa9dada000 	C:\Users\團薑\Downloads\eclipse-jee-2021-06-R-win32-x86_64\eclipse\plugins\org.eclipse.justj.openjdk.hotspot.jre.full.win32.x86_64_16.0.1.v20210528-1205\jre\bin\ucrtbase.DLL
0x00007ffab7ec0000 - 0x00007ffab7ef6000 	C:\Windows\system32\IMM32.DLL
0x00007ffab8400000 - 0x00007ffab8551000 	C:\Windows\system32\MSCTF.dll
0x00007ffa9d9d0000 - 0x00007ffa9d9dc000 	C:\Users\團薑\Downloads\eclipse-jee-2021-06-R-win32-x86_64\eclipse\plugins\org.eclipse.justj.openjdk.hotspot.jre.full.win32.x86_64_16.0.1.v20210528-1205\jre\bin\vcruntime140_1.dll
0x00007ffa9bfc0000 - 0x00007ffa9c051000 	C:\Users\團薑\Downloads\eclipse-jee-2021-06-R-win32-x86_64\eclipse\plugins\org.eclipse.justj.openjdk.hotspot.jre.full.win32.x86_64_16.0.1.v20210528-1205\jre\bin\msvcp140.dll
0x00007ffa9c150000 - 0x00007ffa9c153000 	C:\Users\團薑\Downloads\eclipse-jee-2021-06-R-win32-x86_64\eclipse\plugins\org.eclipse.justj.openjdk.hotspot.jre.full.win32.x86_64_16.0.1.v20210528-1205\jre\bin\api-ms-win-crt-time-l1-1-0.dll
0x00007ffa9bfb0000 - 0x00007ffa9bfb3000 	C:\Users\團薑\Downloads\eclipse-jee-2021-06-R-win32-x86_64\eclipse\plugins\org.eclipse.justj.openjdk.hotspot.jre.full.win32.x86_64_16.0.1.v20210528-1205\jre\bin\api-ms-win-crt-utility-l1-1-0.dll
0x00007ffa89f70000 - 0x00007ffa8ab1b000 	C:\Users\團薑\Downloads\eclipse-jee-2021-06-R-win32-x86_64\eclipse\plugins\org.eclipse.justj.openjdk.hotspot.jre.full.win32.x86_64_16.0.1.v20210528-1205\jre\bin\server\jvm.dll
0x00007ffab90c0000 - 0x00007ffab916a000 	C:\Windows\system32\ADVAPI32.dll
0x00007ffaaab10000 - 0x00007ffaaab19000 	C:\Windows\SYSTEM32\WSOCK32.dll
0x00007ffab0c70000 - 0x00007ffab0c92000 	C:\Windows\SYSTEM32\WINMM.dll
0x00007ffab0c60000 - 0x00007ffab0c6a000 	C:\Windows\SYSTEM32\VERSION.dll
0x00007ffaba820000 - 0x00007ffaba827000 	C:\Windows\system32\PSAPI.DLL
0x00007ffab8900000 - 0x00007ffab8958000 	C:\Windows\SYSTEM32\sechost.dll
0x00007ffab7f20000 - 0x00007ffab805a000 	C:\Windows\system32\RPCRT4.dll
0x00007ffab91e0000 - 0x00007ffab923a000 	C:\Windows\system32\WS2_32.dll
0x00007ffab0c30000 - 0x00007ffab0c5a000 	C:\Windows\SYSTEM32\WINMMBASE.dll
0x00007ffab79b0000 - 0x00007ffab79de000 	C:\Windows\system32\SspiCli.dll
0x00007ffaba830000 - 0x00007ffaba839000 	C:\Windows\system32\NSI.dll
0x00007ffab7e70000 - 0x00007ffab7ebf000 	C:\Windows\SYSTEM32\cfgmgr32.dll
0x00007ffab6700000 - 0x00007ffab6728000 	C:\Windows\SYSTEM32\DEVOBJ.dll
0x00007ffaaf950000 - 0x00007ffaaf95a000 	C:\Users\團薑\Downloads\eclipse-jee-2021-06-R-win32-x86_64\eclipse\plugins\org.eclipse.justj.openjdk.hotspot.jre.full.win32.x86_64_16.0.1.v20210528-1205\jre\bin\jimage.dll
0x00007ffaaa520000 - 0x00007ffaaa6a9000 	C:\Windows\SYSTEM32\DBGHELP.DLL
0x00007ffaa70a0000 - 0x00007ffaa70c5000 	C:\Users\團薑\Downloads\eclipse-jee-2021-06-R-win32-x86_64\eclipse\plugins\org.eclipse.justj.openjdk.hotspot.jre.full.win32.x86_64_16.0.1.v20210528-1205\jre\bin\java.dll

dbghelp: loaded successfully - version: 4.0.5 - missing functions: none
symbol engine: initialized successfully - sym options: 0x614 - pdb path: .;C:\Users\團薑\Downloads\eclipse-jee-2021-06-R-win32-x86_64\eclipse\plugins\org.eclipse.justj.openjdk.hotspot.jre.full.win32.x86_64_16.0.1.v20210528-1205\jre\bin;C:\Windows\SYSTEM32;C:\Windows\WinSxS\amd64_microsoft.windows.common-controls_6595b64144ccf1df_6.0.9600.19394_none_62486577ecb635cf;C:\Users\團薑\Downloads\eclipse-jee-2021-06-R-win32-x86_64\eclipse\plugins\org.eclipse.justj.openjdk.hotspot.jre.full.win32.x86_64_16.0.1.v20210528-1205\jre\bin\se;C:\Users\團薑\Downloads\eclipse-jee-2021-06-R-win32-x86_64\eclipse\plugins\org.eclipse.justj.openjdk.hotspot.jre.full.win32.x86_64_16.0.1.v20210528-1205\jre\bin\

VM Arguments:
jvm_args: -Dfile.encoding=UTF-8 -XX:+ShowCodeDetailsInExceptionMessages 
java_command: com.kh.run.Run
java_class_path (initial): C:\jdbc_workspace\02_JDBC_PreparedStatement\bin;C:\dev\ojdbc6.jar
Launcher Type: SUN_STANDARD

[Global flags]
     intx CICompilerCount                          = 4                                         {product} {ergonomic}
     uint ConcGCThreads                            = 2                                         {product} {ergonomic}
     uint G1ConcRefinementThreads                  = 8                                         {product} {ergonomic}
   size_t G1HeapRegionSize                         = 2097152                                   {product} {ergonomic}
    uintx GCDrainStackTargetSize                   = 64                                        {product} {ergonomic}
   size_t InitialHeapSize                          = 268435456                                 {product} {ergonomic}
   size_t MarkStackSize                            = 4194304                                   {product} {ergonomic}
   size_t MaxHeapSize                              = 4273995776                                {product} {ergonomic}
   size_t MinHeapDeltaBytes                        = 2097152                                   {product} {ergonomic}
   size_t MinHeapSize                              = 8388608                                   {product} {ergonomic}
    uintx NonNMethodCodeHeapSize                   = 5839372                                {pd product} {ergonomic}
    uintx NonProfiledCodeHeapSize                  = 122909434                              {pd product} {ergonomic}
    uintx ProfiledCodeHeapSize                     = 122909434                              {pd product} {ergonomic}
    uintx ReservedCodeCacheSize                    = 251658240                              {pd product} {ergonomic}
     bool SegmentedCodeCache                       = true                                      {product} {ergonomic}
     bool ShowCodeDetailsInExceptionMessages       = true                                   {manageable} {command line}
   size_t SoftMaxHeapSize                          = 4273995776                             {manageable} {ergonomic}
     bool UseCompressedClassPointers               = true                           {product lp64_product} {ergonomic}
     bool UseCompressedOops                        = true                           {product lp64_product} {ergonomic}
     bool UseG1GC                                  = true                                      {product} {ergonomic}
     bool UseLargePagesIndividualAllocation        = false                                  {pd product} {ergonomic}

Logging:
Log output configuration:
 #0: stdout all=warning uptime,level,tags
 #1: stderr all=off uptime,level,tags

Environment Variables:
JAVA_HOME=C:\Program Files\Amazon Corretto\jdk1.8.0_302
PATH=C:/Users/團薑/Downloads/eclipse-jee-2021-06-R-win32-x86_64/eclipse//plugins/org.eclipse.justj.openjdk.hotspot.jre.full.win32.x86_64_16.0.1.v20210528-1205/jre/bin/server;C:/Users/團薑/Downloads/eclipse-jee-2021-06-R-win32-x86_64/eclipse//plugins/org.eclipse.justj.openjdk.hotspot.jre.full.win32.x86_64_16.0.1.v20210528-1205/jre/bin;C:\oraclexe\app\oracle\product\11.2.0\server\bin;;C:\Program Files\Amazon Corretto\jdk1.8.0_302\bin;C:\Program Files (x86)\Common Files\Oracle\Java\javapath;C:\Windows\system32;C:\Windows;C:\Program Files (x86)\NVIDIA Corporation\PhysX\Common;C:\Program Files\NVIDIA Corporation\NVIDIA NvDLISR\;C:\Program Files\Amazon Corretto\jdk1.8.0_302\bin;C:\Windows\System32\Wbem;C:\Program Files\Microsoft VS Code\bin;C:\Users\團薑\AppData\Local\Programs\Python\Launcher\;c:\Program Files\FDS\FDS5\bin;C:\Users\團薑\AppData\Local\Programs\Microsoft VS Code\bin;C:\MinGW\bin;C:\mingw64\bin;C:\Users\團薑\AppData\Local\GitHubDesktop\bin;C:\Users\團薑\Downloads\eclipse-jee-2021-06-R-win32-x86_64\eclipse;
USERNAME=minmin
OS=Windows_NT
PROCESSOR_IDENTIFIER=Intel64 Family 6 Model 60 Stepping 3, GenuineIntel



---------------  S Y S T E M  ---------------

OS:
 Windows 8.1 , 64 bit Build 9600 (6.3.9600.20172)
OS uptime: 0 days 8:18 hours

CPU: total 8 (initial active 8) (4 cores per cpu, 2 threads per core) family 6 model 60 stepping 3 microcode 0x1c, cx8, cmov, fxsr, ht, mmx, sse, sse2, sse3, ssse3, sse4.1, sse4.2, popcnt, lzcnt, tsc, tscinvbit, avx, avx2, aes, erms, clmul, bmi1, bmi2, fma, vzeroupper, clflush

Memory: 4k page, system-wide physical 16303M (8848M free)
TotalPageFile size 20399M (AvailPageFile size 125M)
current process WorkingSet (physical memory assigned to process): 9M, peak: 9M
current process commit charge ("private bytes"): 60M, peak: 315M

vm_info: OpenJDK 64-Bit Server VM (16.0.1+9-24) for windows-amd64 JRE (16.0.1+9-24), built on Mar 26 2021 19:30:07 by "mach5one" with MS VC++ 16.7 (VS2019)

END.
